<?xml version="1.0" encoding="UTF-8"?>
<!-- Generated by org.testng.reporters.JUnitReportReporter -->
<testsuite hostname="Durai-PC" name="com.flipcart.stepdefenition.Flipcartmob" tests="5" failures="0" timestamp="28 Feb 2022 10:27:00 GMT" time="3.330" errors="0">
  <testcase name="ScreenShot" time="0.352" classname="com.flipcart.stepdefenition.Flipcartmob"/>
  <testcase name="login" time="0.113" classname="com.flipcart.stepdefenition.Flipcartmob"/>
  <testcase name="search" time="0.903" classname="com.flipcart.stepdefenition.Flipcartmob"/>
  <testcase name="ScreenShot" time="0.281" classname="com.flipcart.stepdefenition.Flipcartmob"/>
  <testcase name="windowhandling" time="1.681" classname="com.flipcart.stepdefenition.Flipcartmob"/>
</testsuite> <!-- com.flipcart.stepdefenition.Flipcartmob -->
